Classic Timing Analyzer report for problem3_19101196
Thu Dec 02 18:30:47 2021
Quartus II Version 8.1 Build 163 10/28/2008 SJ Web Edition


---------------------
; Table of Contents ;
---------------------
  1. Legal Notice
  2. Timing Analyzer Summary
  3. Timing Analyzer Settings
  4. Clock Settings Summary
  5. Clock Setup: 'Clock'
  6. tsu
  7. tco
  8. th
  9. Timing Analyzer Messages



----------------
; Legal Notice ;
----------------
Copyright (C) 1991-2008 Altera Corporation
Your use of Altera Corporation's design tools, logic functions 
and other software and tools, and its AMPP partner logic 
functions, and any output files from any of the foregoing 
(including device programming or simulation files), and any 
associated documentation or information are expressly subject 
to the terms and conditions of the Altera Program License 
Subscription Agreement, Altera MegaCore Function License 
Agreement, or other applicable license agreement, including, 
without limitation, that your use is for the sole purpose of 
programming logic devices manufactured by Altera and sold by 
Altera or its authorized distributors.  Please refer to the 
applicable agreement for further details.



+---------------------------------------------------------------------------------------------------------------------------------------------------------------------+
; Timing Analyzer Summary                                                                                                                                             ;
+------------------------------+-------+---------------+------------------------------------------------+------+---------------+------------+----------+--------------+
; Type                         ; Slack ; Required Time ; Actual Time                                    ; From ; To            ; From Clock ; To Clock ; Failed Paths ;
+------------------------------+-------+---------------+------------------------------------------------+------+---------------+------------+----------+--------------+
; Worst-case tsu               ; N/A   ; None          ; 2.484 ns                                       ; w    ; y.B~DUPLICATE ; --         ; Clock    ; 0            ;
; Worst-case tco               ; N/A   ; None          ; 5.029 ns                                       ; y.D  ; z             ; Clock      ; --       ; 0            ;
; Worst-case th                ; N/A   ; None          ; -1.991 ns                                      ; w    ; y.G           ; --         ; Clock    ; 0            ;
; Clock Setup: 'Clock'         ; N/A   ; None          ; Restricted to 500.00 MHz ( period = 2.000 ns ) ; y.E  ; y.A           ; Clock      ; Clock    ; 0            ;
; Total number of failed paths ;       ;               ;                                                ;      ;               ;            ;          ; 0            ;
+------------------------------+-------+---------------+------------------------------------------------+------+---------------+------------+----------+--------------+


+--------------------------------------------------------------------------------------------------------------------+
; Timing Analyzer Settings                                                                                           ;
+---------------------------------------------------------------------+--------------------+------+----+-------------+
; Option                                                              ; Setting            ; From ; To ; Entity Name ;
+---------------------------------------------------------------------+--------------------+------+----+-------------+
; Device Name                                                         ; EP2S15F484C3       ;      ;    ;             ;
; Timing Models                                                       ; Final              ;      ;    ;             ;
; Default hold multicycle                                             ; Same as Multicycle ;      ;    ;             ;
; Cut paths between unrelated clock domains                           ; On                 ;      ;    ;             ;
; Cut off read during write signal paths                              ; On                 ;      ;    ;             ;
; Cut off feedback from I/O pins                                      ; On                 ;      ;    ;             ;
; Report Combined Fast/Slow Timing                                    ; Off                ;      ;    ;             ;
; Ignore Clock Settings                                               ; Off                ;      ;    ;             ;
; Analyze latches as synchronous elements                             ; On                 ;      ;    ;             ;
; Enable Recovery/Removal analysis                                    ; Off                ;      ;    ;             ;
; Enable Clock Latency                                                ; Off                ;      ;    ;             ;
; Use TimeQuest Timing Analyzer                                       ; Off                ;      ;    ;             ;
; Number of source nodes to report per destination node               ; 10                 ;      ;    ;             ;
; Number of destination nodes to report                               ; 10                 ;      ;    ;             ;
; Number of paths to report                                           ; 200                ;      ;    ;             ;
; Report Minimum Timing Checks                                        ; Off                ;      ;    ;             ;
; Use Fast Timing Models                                              ; Off                ;      ;    ;             ;
; Report IO Paths Separately                                          ; Off                ;      ;    ;             ;
; Perform Multicorner Analysis                                        ; On                 ;      ;    ;             ;
; Reports the worst-case path for each clock domain and analysis      ; Off                ;      ;    ;             ;
; Removes common clock path pessimism (CCPP) during slack computation ; Off                ;      ;    ;             ;
; Output I/O Timing Endpoint                                          ; Near End           ;      ;    ;             ;
+---------------------------------------------------------------------+--------------------+------+----+-------------+


+------------------------------------------------------------------------------------------------------------------------------------------------------------------------------------+
; Clock Settings Summary                                                                                                                                                             ;
+-----------------+--------------------+----------+------------------+---------------+--------------+----------+-----------------------+---------------------+--------+--------------+
; Clock Node Name ; Clock Setting Name ; Type     ; Fmax Requirement ; Early Latency ; Late Latency ; Based on ; Multiply Base Fmax by ; Divide Base Fmax by ; Offset ; Phase offset ;
+-----------------+--------------------+----------+------------------+---------------+--------------+----------+-----------------------+---------------------+--------+--------------+
; Clock           ;                    ; User Pin ; None             ; 0.000 ns      ; 0.000 ns     ; --       ; N/A                   ; N/A                 ; N/A    ;              ;
+-----------------+--------------------+----------+------------------+---------------+--------------+----------+-----------------------+---------------------+--------+--------------+


+----------------------------------------------------------------------------------------------------------------------------------------------------------------------------------------------------+
; Clock Setup: 'Clock'                                                                                                                                                                               ;
+-------+------------------------------------------------+---------------+---------------+------------+----------+-----------------------------+---------------------------+-------------------------+
; Slack ; Actual fmax (period)                           ; From          ; To            ; From Clock ; To Clock ; Required Setup Relationship ; Required Longest P2P Time ; Actual Longest P2P Time ;
+-------+------------------------------------------------+---------------+---------------+------------+----------+-----------------------------+---------------------------+-------------------------+
; N/A   ; Restricted to 500.00 MHz ( period = 2.000 ns ) ; y.E           ; y.A           ; Clock      ; Clock    ; None                        ; None                      ; 0.669 ns                ;
; N/A   ; Restricted to 500.00 MHz ( period = 2.000 ns ) ; y.A           ; y.B~DUPLICATE ; Clock      ; Clock    ; None                        ; None                      ; 0.538 ns                ;
; N/A   ; Restricted to 500.00 MHz ( period = 2.000 ns ) ; y.A           ; y.B           ; Clock      ; Clock    ; None                        ; None                      ; 0.537 ns                ;
; N/A   ; Restricted to 500.00 MHz ( period = 2.000 ns ) ; y.A           ; y.F           ; Clock      ; Clock    ; None                        ; None                      ; 0.531 ns                ;
; N/A   ; Restricted to 500.00 MHz ( period = 2.000 ns ) ; y.C           ; y.A           ; Clock      ; Clock    ; None                        ; None                      ; 0.523 ns                ;
; N/A   ; Restricted to 500.00 MHz ( period = 2.000 ns ) ; y.B~DUPLICATE ; y.C           ; Clock      ; Clock    ; None                        ; None                      ; 0.523 ns                ;
; N/A   ; Restricted to 500.00 MHz ( period = 2.000 ns ) ; y.B~DUPLICATE ; y.C~DUPLICATE ; Clock      ; Clock    ; None                        ; None                      ; 0.521 ns                ;
; N/A   ; Restricted to 500.00 MHz ( period = 2.000 ns ) ; y.E~DUPLICATE ; y.D           ; Clock      ; Clock    ; None                        ; None                      ; 0.519 ns                ;
; N/A   ; Restricted to 500.00 MHz ( period = 2.000 ns ) ; y.D           ; y.B           ; Clock      ; Clock    ; None                        ; None                      ; 0.444 ns                ;
; N/A   ; Restricted to 500.00 MHz ( period = 2.000 ns ) ; y.D           ; y.B~DUPLICATE ; Clock      ; Clock    ; None                        ; None                      ; 0.442 ns                ;
; N/A   ; Restricted to 500.00 MHz ( period = 2.000 ns ) ; y.D           ; y.F           ; Clock      ; Clock    ; None                        ; None                      ; 0.436 ns                ;
; N/A   ; Restricted to 500.00 MHz ( period = 2.000 ns ) ; y.F           ; y.C~DUPLICATE ; Clock      ; Clock    ; None                        ; None                      ; 0.430 ns                ;
; N/A   ; Restricted to 500.00 MHz ( period = 2.000 ns ) ; y.F           ; y.C           ; Clock      ; Clock    ; None                        ; None                      ; 0.429 ns                ;
; N/A   ; Restricted to 500.00 MHz ( period = 2.000 ns ) ; y.F           ; y.G           ; Clock      ; Clock    ; None                        ; None                      ; 0.425 ns                ;
; N/A   ; Restricted to 500.00 MHz ( period = 2.000 ns ) ; y.B           ; y.E~DUPLICATE ; Clock      ; Clock    ; None                        ; None                      ; 0.417 ns                ;
; N/A   ; Restricted to 500.00 MHz ( period = 2.000 ns ) ; y.C~DUPLICATE ; y.D           ; Clock      ; Clock    ; None                        ; None                      ; 0.416 ns                ;
; N/A   ; Restricted to 500.00 MHz ( period = 2.000 ns ) ; y.G           ; y.A           ; Clock      ; Clock    ; None                        ; None                      ; 0.416 ns                ;
; N/A   ; Restricted to 500.00 MHz ( period = 2.000 ns ) ; y.B           ; y.E           ; Clock      ; Clock    ; None                        ; None                      ; 0.416 ns                ;
+-------+------------------------------------------------+---------------+---------------+------------+----------+-----------------------------+---------------------------+-------------------------+


+---------------------------------------------------------------------+
; tsu                                                                 ;
+-------+--------------+------------+------+---------------+----------+
; Slack ; Required tsu ; Actual tsu ; From ; To            ; To Clock ;
+-------+--------------+------------+------+---------------+----------+
; N/A   ; None         ; 2.484 ns   ; w    ; y.B           ; Clock    ;
; N/A   ; None         ; 2.484 ns   ; w    ; y.B~DUPLICATE ; Clock    ;
; N/A   ; None         ; 2.473 ns   ; w    ; y.D           ; Clock    ;
; N/A   ; None         ; 2.472 ns   ; w    ; y.A           ; Clock    ;
; N/A   ; None         ; 2.387 ns   ; w    ; y.C~DUPLICATE ; Clock    ;
; N/A   ; None         ; 2.387 ns   ; w    ; y.C           ; Clock    ;
; N/A   ; None         ; 2.381 ns   ; w    ; y.F           ; Clock    ;
; N/A   ; None         ; 2.237 ns   ; w    ; y.E           ; Clock    ;
; N/A   ; None         ; 2.233 ns   ; w    ; y.E~DUPLICATE ; Clock    ;
; N/A   ; None         ; 2.230 ns   ; w    ; y.G           ; Clock    ;
+-------+--------------+------------+------+---------------+----------+


+------------------------------------------------------------+
; tco                                                        ;
+-------+--------------+------------+------+----+------------+
; Slack ; Required tco ; Actual tco ; From ; To ; From Clock ;
+-------+--------------+------------+------+----+------------+
; N/A   ; None         ; 5.029 ns   ; y.D  ; z  ; Clock      ;
+-------+--------------+------------+------+----+------------+


+---------------------------------------------------------------------------+
; th                                                                        ;
+---------------+-------------+-----------+------+---------------+----------+
; Minimum Slack ; Required th ; Actual th ; From ; To            ; To Clock ;
+---------------+-------------+-----------+------+---------------+----------+
; N/A           ; None        ; -1.991 ns ; w    ; y.G           ; Clock    ;
; N/A           ; None        ; -1.994 ns ; w    ; y.E~DUPLICATE ; Clock    ;
; N/A           ; None        ; -1.998 ns ; w    ; y.E           ; Clock    ;
; N/A           ; None        ; -2.142 ns ; w    ; y.F           ; Clock    ;
; N/A           ; None        ; -2.148 ns ; w    ; y.C~DUPLICATE ; Clock    ;
; N/A           ; None        ; -2.148 ns ; w    ; y.C           ; Clock    ;
; N/A           ; None        ; -2.233 ns ; w    ; y.A           ; Clock    ;
; N/A           ; None        ; -2.234 ns ; w    ; y.D           ; Clock    ;
; N/A           ; None        ; -2.245 ns ; w    ; y.B           ; Clock    ;
; N/A           ; None        ; -2.245 ns ; w    ; y.B~DUPLICATE ; Clock    ;
+---------------+-------------+-----------+------+---------------+----------+


+--------------------------+
; Timing Analyzer Messages ;
+--------------------------+
Info: *******************************************************************
Info: Running Quartus II Classic Timing Analyzer
    Info: Version 8.1 Build 163 10/28/2008 SJ Web Edition
    Info: Processing started: Thu Dec 02 18:30:47 2021
Info: Command: quartus_tan --read_settings_files=off --write_settings_files=off problem3_19101196 -c problem3_19101196 --timing_analysis_only
Warning: Found pins functioning as undefined clocks and/or memory enables
    Info: Assuming node "Clock" is an undefined clock
Info: Clock "Clock" Internal fmax is restricted to 500.0 MHz between source register "y.E" and destination register "y.A"
    Info: fmax restricted to clock pin edge rate 2.0 ns. Expand message to see actual delay path.
        Info: + Longest register to register delay is 0.669 ns
            Info: 1: + IC(0.000 ns) + CELL(0.000 ns) = 0.000 ns; Loc. = LCFF_X1_Y26_N11; Fanout = 1; REG Node = 'y.E'
            Info: 2: + IC(0.242 ns) + CELL(0.272 ns) = 0.514 ns; Loc. = LCCOMB_X1_Y26_N22; Fanout = 1; COMB Node = 'Selector0~16'
            Info: 3: + IC(0.000 ns) + CELL(0.155 ns) = 0.669 ns; Loc. = LCFF_X1_Y26_N23; Fanout = 3; REG Node = 'y.A'
            Info: Total cell delay = 0.427 ns ( 63.83 % )
            Info: Total interconnect delay = 0.242 ns ( 36.17 % )
        Info: - Smallest clock skew is 0.000 ns
            Info: + Shortest clock path from clock "Clock" to destination register is 2.483 ns
                Info: 1: + IC(0.000 ns) + CELL(0.854 ns) = 0.854 ns; Loc. = PIN_N20; Fanout = 1; CLK Node = 'Clock'
                Info: 2: + IC(0.343 ns) + CELL(0.000 ns) = 1.197 ns; Loc. = CLKCTRL_G3; Fanout = 10; COMB Node = 'Clock~clkctrl'
                Info: 3: + IC(0.668 ns) + CELL(0.618 ns) = 2.483 ns; Loc. = LCFF_X1_Y26_N23; Fanout = 3; REG Node = 'y.A'
                Info: Total cell delay = 1.472 ns ( 59.28 % )
                Info: Total interconnect delay = 1.011 ns ( 40.72 % )
            Info: - Longest clock path from clock "Clock" to source register is 2.483 ns
                Info: 1: + IC(0.000 ns) + CELL(0.854 ns) = 0.854 ns; Loc. = PIN_N20; Fanout = 1; CLK Node = 'Clock'
                Info: 2: + IC(0.343 ns) + CELL(0.000 ns) = 1.197 ns; Loc. = CLKCTRL_G3; Fanout = 10; COMB Node = 'Clock~clkctrl'
                Info: 3: + IC(0.668 ns) + CELL(0.618 ns) = 2.483 ns; Loc. = LCFF_X1_Y26_N11; Fanout = 1; REG Node = 'y.E'
                Info: Total cell delay = 1.472 ns ( 59.28 % )
                Info: Total interconnect delay = 1.011 ns ( 40.72 % )
        Info: + Micro clock to output delay of source is 0.094 ns
        Info: + Micro setup delay of destination is 0.090 ns
Info: tsu for register "y.B" (data pin = "w", clock pin = "Clock") is 2.484 ns
    Info: + Longest pin to register delay is 4.877 ns
        Info: 1: + IC(0.000 ns) + CELL(0.820 ns) = 0.820 ns; Loc. = PIN_E20; Fanout = 10; PIN Node = 'w'
        Info: 2: + IC(3.545 ns) + CELL(0.357 ns) = 4.722 ns; Loc. = LCCOMB_X1_Y26_N0; Fanout = 1; COMB Node = 'Selector1~23'
        Info: 3: + IC(0.000 ns) + CELL(0.155 ns) = 4.877 ns; Loc. = LCFF_X1_Y26_N1; Fanout = 2; REG Node = 'y.B'
        Info: Total cell delay = 1.332 ns ( 27.31 % )
        Info: Total interconnect delay = 3.545 ns ( 72.69 % )
    Info: + Micro setup delay of destination is 0.090 ns
    Info: - Shortest clock path from clock "Clock" to destination register is 2.483 ns
        Info: 1: + IC(0.000 ns) + CELL(0.854 ns) = 0.854 ns; Loc. = PIN_N20; Fanout = 1; CLK Node = 'Clock'
        Info: 2: + IC(0.343 ns) + CELL(0.000 ns) = 1.197 ns; Loc. = CLKCTRL_G3; Fanout = 10; COMB Node = 'Clock~clkctrl'
        Info: 3: + IC(0.668 ns) + CELL(0.618 ns) = 2.483 ns; Loc. = LCFF_X1_Y26_N1; Fanout = 2; REG Node = 'y.B'
        Info: Total cell delay = 1.472 ns ( 59.28 % )
        Info: Total interconnect delay = 1.011 ns ( 40.72 % )
Info: tco from clock "Clock" to destination pin "z" through register "y.D" is 5.029 ns
    Info: + Longest clock path from clock "Clock" to source register is 2.483 ns
        Info: 1: + IC(0.000 ns) + CELL(0.854 ns) = 0.854 ns; Loc. = PIN_N20; Fanout = 1; CLK Node = 'Clock'
        Info: 2: + IC(0.343 ns) + CELL(0.000 ns) = 1.197 ns; Loc. = CLKCTRL_G3; Fanout = 10; COMB Node = 'Clock~clkctrl'
        Info: 3: + IC(0.668 ns) + CELL(0.618 ns) = 2.483 ns; Loc. = LCFF_X1_Y26_N17; Fanout = 4; REG Node = 'y.D'
        Info: Total cell delay = 1.472 ns ( 59.28 % )
        Info: Total interconnect delay = 1.011 ns ( 40.72 % )
    Info: + Micro clock to output delay of source is 0.094 ns
    Info: + Longest register to pin delay is 2.452 ns
        Info: 1: + IC(0.000 ns) + CELL(0.000 ns) = 0.000 ns; Loc. = LCFF_X1_Y26_N17; Fanout = 4; REG Node = 'y.D'
        Info: 2: + IC(0.490 ns) + CELL(1.962 ns) = 2.452 ns; Loc. = PIN_D18; Fanout = 0; PIN Node = 'z'
        Info: Total cell delay = 1.962 ns ( 80.02 % )
        Info: Total interconnect delay = 0.490 ns ( 19.98 % )
Info: th for register "y.G" (data pin = "w", clock pin = "Clock") is -1.991 ns
    Info: + Longest clock path from clock "Clock" to destination register is 2.483 ns
        Info: 1: + IC(0.000 ns) + CELL(0.854 ns) = 0.854 ns; Loc. = PIN_N20; Fanout = 1; CLK Node = 'Clock'
        Info: 2: + IC(0.343 ns) + CELL(0.000 ns) = 1.197 ns; Loc. = CLKCTRL_G3; Fanout = 10; COMB Node = 'Clock~clkctrl'
        Info: 3: + IC(0.668 ns) + CELL(0.618 ns) = 2.483 ns; Loc. = LCFF_X1_Y26_N27; Fanout = 1; REG Node = 'y.G'
        Info: Total cell delay = 1.472 ns ( 59.28 % )
        Info: Total interconnect delay = 1.011 ns ( 40.72 % )
    Info: + Micro hold delay of destination is 0.149 ns
    Info: - Shortest pin to register delay is 4.623 ns
        Info: 1: + IC(0.000 ns) + CELL(0.820 ns) = 0.820 ns; Loc. = PIN_E20; Fanout = 10; PIN Node = 'w'
        Info: 2: + IC(3.494 ns) + CELL(0.154 ns) = 4.468 ns; Loc. = LCCOMB_X1_Y26_N26; Fanout = 1; COMB Node = 'Y.G~15'
        Info: 3: + IC(0.000 ns) + CELL(0.155 ns) = 4.623 ns; Loc. = LCFF_X1_Y26_N27; Fanout = 1; REG Node = 'y.G'
        Info: Total cell delay = 1.129 ns ( 24.42 % )
        Info: Total interconnect delay = 3.494 ns ( 75.58 % )
Info: Quartus II Classic Timing Analyzer was successful. 0 errors, 1 warning
    Info: Peak virtual memory: 200 megabytes
    Info: Processing ended: Thu Dec 02 18:30:47 2021
    Info: Elapsed time: 00:00:00
    Info: Total CPU time (on all processors): 00:00:00


